mode: set
github.com/jacobpatterson1549/kuuf-library/internal/server/server.go:55.48,57.16 2 0
github.com/jacobpatterson1549/kuuf-library/internal/server/server.go:60.2,61.28 2 0
github.com/jacobpatterson1549/kuuf-library/internal/server/server.go:67.2,67.16 1 0
github.com/jacobpatterson1549/kuuf-library/internal/server/server.go:70.2,76.16 3 0
github.com/jacobpatterson1549/kuuf-library/internal/server/server.go:57.16,59.3 1 0
github.com/jacobpatterson1549/kuuf-library/internal/server/server.go:62.13,63.30 1 0
github.com/jacobpatterson1549/kuuf-library/internal/server/server.go:64.10,65.46 1 0
github.com/jacobpatterson1549/kuuf-library/internal/server/server.go:67.16,69.3 1 0
github.com/jacobpatterson1549/kuuf-library/internal/server/server.go:81.30,82.38 1 0
github.com/jacobpatterson1549/kuuf-library/internal/server/server.go:94.2,96.49 3 0
github.com/jacobpatterson1549/kuuf-library/internal/server/server.go:82.38,84.17 2 0
github.com/jacobpatterson1549/kuuf-library/internal/server/server.go:87.3,87.74 1 0
github.com/jacobpatterson1549/kuuf-library/internal/server/server.go:84.17,86.4 1 0
github.com/jacobpatterson1549/kuuf-library/internal/server/server.go:87.74,89.4 1 0
github.com/jacobpatterson1549/kuuf-library/internal/server/server.go:99.37,120.2 4 0
github.com/jacobpatterson1549/kuuf-library/internal/server/server.go:122.67,124.16 2 0
github.com/jacobpatterson1549/kuuf-library/internal/server/server.go:128.2,128.33 1 0
github.com/jacobpatterson1549/kuuf-library/internal/server/server.go:124.16,127.3 2 0
github.com/jacobpatterson1549/kuuf-library/internal/server/server.go:131.66,134.16 3 0
github.com/jacobpatterson1549/kuuf-library/internal/server/server.go:138.2,138.29 1 0
github.com/jacobpatterson1549/kuuf-library/internal/server/server.go:134.16,137.3 2 0
github.com/jacobpatterson1549/kuuf-library/internal/server/server.go:141.67,143.16 2 0
github.com/jacobpatterson1549/kuuf-library/internal/server/server.go:147.2,148.16 2 0
github.com/jacobpatterson1549/kuuf-library/internal/server/server.go:152.2,152.53 1 0
github.com/jacobpatterson1549/kuuf-library/internal/server/server.go:143.16,146.3 2 0
github.com/jacobpatterson1549/kuuf-library/internal/server/server.go:148.16,151.3 2 0
github.com/jacobpatterson1549/kuuf-library/internal/server/server.go:156.66,159.36 3 0
github.com/jacobpatterson1549/kuuf-library/internal/server/server.go:165.2,165.16 1 0
github.com/jacobpatterson1549/kuuf-library/internal/server/server.go:169.2,169.57 1 0
github.com/jacobpatterson1549/kuuf-library/internal/server/server.go:173.2,173.46 1 0
github.com/jacobpatterson1549/kuuf-library/internal/server/server.go:160.15,161.40 1 0
github.com/jacobpatterson1549/kuuf-library/internal/server/server.go:162.14,163.21 1 0
github.com/jacobpatterson1549/kuuf-library/internal/server/server.go:165.16,168.3 2 0
github.com/jacobpatterson1549/kuuf-library/internal/server/server.go:169.57,172.3 2 0
github.com/jacobpatterson1549/kuuf-library/internal/server/server.go:176.69,178.44 2 0
github.com/jacobpatterson1549/kuuf-library/internal/server/server.go:182.2,182.25 1 0
github.com/jacobpatterson1549/kuuf-library/internal/server/server.go:178.44,181.3 2 0
github.com/jacobpatterson1549/kuuf-library/internal/server/server.go:185.75,188.14 3 0
github.com/jacobpatterson1549/kuuf-library/internal/server/server.go:193.2,194.16 2 0
github.com/jacobpatterson1549/kuuf-library/internal/server/server.go:198.2,198.73 1 0
github.com/jacobpatterson1549/kuuf-library/internal/server/server.go:202.2,202.25 1 0
github.com/jacobpatterson1549/kuuf-library/internal/server/server.go:188.14,192.3 3 0
github.com/jacobpatterson1549/kuuf-library/internal/server/server.go:194.16,197.3 2 0
github.com/jacobpatterson1549/kuuf-library/internal/server/server.go:198.73,201.3 2 0
github.com/jacobpatterson1549/kuuf-library/internal/server/server.go:205.74,211.43 3 0
github.com/jacobpatterson1549/kuuf-library/internal/server/server.go:211.43,213.3 1 0
github.com/jacobpatterson1549/kuuf-library/internal/server/server.go:216.73,217.54 1 0
github.com/jacobpatterson1549/kuuf-library/internal/server/server.go:217.54,219.17 2 0
github.com/jacobpatterson1549/kuuf-library/internal/server/server.go:223.3,225.17 3 0
github.com/jacobpatterson1549/kuuf-library/internal/server/server.go:229.3,229.10 1 0
github.com/jacobpatterson1549/kuuf-library/internal/server/server.go:233.3,233.20 1 0
github.com/jacobpatterson1549/kuuf-library/internal/server/server.go:219.17,222.4 2 0
github.com/jacobpatterson1549/kuuf-library/internal/server/server.go:225.17,228.4 2 0
github.com/jacobpatterson1549/kuuf-library/internal/server/server.go:229.10,232.4 2 0
github.com/jacobpatterson1549/kuuf-library/internal/server/server.go:237.73,239.54 2 0
github.com/jacobpatterson1549/kuuf-library/internal/server/server.go:239.54,242.3 2 0
github.com/jacobpatterson1549/kuuf-library/internal/server/server.go:245.59,246.54 1 0
github.com/jacobpatterson1549/kuuf-library/internal/server/server.go:246.54,247.10 1 0
github.com/jacobpatterson1549/kuuf-library/internal/server/server.go:248.66,256.23 5 0
github.com/jacobpatterson1549/kuuf-library/internal/server/server.go:257.11,258.21 1 0
github.com/jacobpatterson1549/kuuf-library/internal/server/server.go:268.69,270.2 1 0
github.com/jacobpatterson1549/kuuf-library/internal/server/server.go:276.64,278.9 2 0
github.com/jacobpatterson1549/kuuf-library/internal/server/server.go:282.2,283.9 2 0
github.com/jacobpatterson1549/kuuf-library/internal/server/server.go:287.2,287.19 1 0
github.com/jacobpatterson1549/kuuf-library/internal/server/server.go:278.9,281.3 2 0
github.com/jacobpatterson1549/kuuf-library/internal/server/server.go:283.9,286.3 2 0
github.com/jacobpatterson1549/kuuf-library/internal/server/server.go:290.64,292.2 1 0
github.com/jacobpatterson1549/kuuf-library/internal/server/server.go:294.55,296.2 1 0
github.com/jacobpatterson1549/kuuf-library/internal/server/server.go:298.66,300.16 2 0
github.com/jacobpatterson1549/kuuf-library/internal/server/server.go:303.2,303.36 1 0
github.com/jacobpatterson1549/kuuf-library/internal/server/server.go:300.16,302.3 1 0
github.com/jacobpatterson1549/kuuf-library/internal/server/server.go:306.71,308.2 1 0
github.com/jacobpatterson1549/kuuf-library/internal/server/server.go:310.41,312.2 1 0
github.com/jacobpatterson1549/kuuf-library/internal/server/server.go:314.52,334.27 3 0
github.com/jacobpatterson1549/kuuf-library/internal/server/server.go:339.2,339.16 1 0
github.com/jacobpatterson1549/kuuf-library/internal/server/server.go:334.27,335.55 1 0
github.com/jacobpatterson1549/kuuf-library/internal/server/server.go:335.55,337.4 1 0
github.com/jacobpatterson1549/kuuf-library/internal/server/server.go:342.71,345.25 3 0
github.com/jacobpatterson1549/kuuf-library/internal/server/server.go:367.2,367.16 1 0
github.com/jacobpatterson1549/kuuf-library/internal/server/server.go:370.2,370.12 1 0
github.com/jacobpatterson1549/kuuf-library/internal/server/server.go:346.15,347.18 1 0
github.com/jacobpatterson1549/kuuf-library/internal/server/server.go:351.3,351.11 1 0
github.com/jacobpatterson1549/kuuf-library/internal/server/server.go:352.12,355.17 3 0
github.com/jacobpatterson1549/kuuf-library/internal/server/server.go:358.3,358.11 1 0
github.com/jacobpatterson1549/kuuf-library/internal/server/server.go:359.18,362.17 3 0
github.com/jacobpatterson1549/kuuf-library/internal/server/server.go:365.3,365.11 1 0
github.com/jacobpatterson1549/kuuf-library/internal/server/server.go:347.18,349.9 2 0
github.com/jacobpatterson1549/kuuf-library/internal/server/server.go:355.17,356.9 1 0
github.com/jacobpatterson1549/kuuf-library/internal/server/server.go:362.17,363.9 1 0
github.com/jacobpatterson1549/kuuf-library/internal/server/server.go:367.16,369.3 1 0
github.com/jacobpatterson1549/kuuf-library/main.go:13.13,20.20 5 0
github.com/jacobpatterson1549/kuuf-library/main.go:26.2,31.52 6 0
github.com/jacobpatterson1549/kuuf-library/main.go:34.2,35.16 2 0
github.com/jacobpatterson1549/kuuf-library/main.go:38.2,38.20 1 0
github.com/jacobpatterson1549/kuuf-library/main.go:20.20,21.27 1 0
github.com/jacobpatterson1549/kuuf-library/main.go:24.3,24.21 1 0
github.com/jacobpatterson1549/kuuf-library/main.go:21.27,23.4 1 0
github.com/jacobpatterson1549/kuuf-library/main.go:31.52,33.3 1 0
github.com/jacobpatterson1549/kuuf-library/main.go:35.16,37.3 1 0
github.com/jacobpatterson1549/kuuf-library/main.go:43.63,44.46 1 1
github.com/jacobpatterson1549/kuuf-library/main.go:47.2,48.33 2 1
github.com/jacobpatterson1549/kuuf-library/main.go:56.2,56.20 1 1
github.com/jacobpatterson1549/kuuf-library/main.go:59.2,59.12 1 1
github.com/jacobpatterson1549/kuuf-library/main.go:44.46,46.3 1 0
github.com/jacobpatterson1549/kuuf-library/main.go:48.33,50.40 2 1
github.com/jacobpatterson1549/kuuf-library/main.go:50.40,51.43 1 1
github.com/jacobpatterson1549/kuuf-library/main.go:51.43,53.5 1 0
github.com/jacobpatterson1549/kuuf-library/main.go:56.20,58.3 1 0
